<?xml version="1.0" encoding="UTF-8"?>
<!-- Generated by org.testng.reporters.JUnitXMLReporter -->
<testsuite ignored="0" hostname="Anushas-MacBook-Pro.local" failures="1" tests="3" name="Error Validations Test" time="20.536" errors="0" timestamp="2024-07-02T12:43:13 AEST">
  <testcase classname="Anushacompany.tests.ErrorsubmitorderTest" name="LoginErrorValidations" time="0.611">
    <skipped/>
  </testcase> <!-- LoginErrorValidations -->
  <testcase classname="Anushacompany.tests.ErrorsubmitorderTest" name="LoginErrorValidations" time="0.446">
    <failure type="java.lang.AssertionError" message="expected [Incorrect email or password.] but found [Incorrect email password.]">
      <![CDATA[java.lang.AssertionError: expected [Incorrect email or password.] but found [Incorrect email password.]
at Anushacompany.tests.ErrorsubmitorderTest.LoginErrorValidations(ErrorsubmitorderTest.java:32)
at java.base/java.util.ArrayList.forEach(ArrayList.java:1596)
at java.base/java.util.concurrent.FutureTask.run(FutureTask.java:317)
at java.base/java.util.concurrent.ThreadPoolExecutor.runWorker(ThreadPoolExecutor.java:1144)
at java.base/java.util.concurrent.ThreadPoolExecutor$Worker.run(ThreadPoolExecutor.java:642)
at java.base/java.lang.Thread.run(Thread.java:1583)
... Removed 21 stack frames]]>
    </failure>
  </testcase> <!-- LoginErrorValidations -->
  <testcase classname="Anushacompany.tests.ErrorsubmitorderTest" name="productErrorValidation" time="2.475"/>
</testsuite> <!-- Error Validations Test -->
